[06/18/2025 23:49:48] TestUser submitted b'flag{C0SM1CINFLUX@gmail.com}' on 1 with kpm 0 [CORRECT]
[06/18/2025 23:57:30] TestUser submitted b'flag{Just like the salad :)}' on 10 with kpm 0 [CORRECT]
[06/18/2025 23:58:19] PentestCourseAdmin submitted b'flag{C0SM1CINFLUX}' on 1 with kpm 0 [WRONG]
[06/18/2025 23:58:29] PentestCourseAdmin submitted b'flag{C0SM1CINFLUX@gmail.com}' on 1 with kpm 1 [CORRECT]
[08/11/2025 23:29:52] PentestCourseAdmin submitted b'flag{UnileverWifi}' on 4 with kpm 0 [WRONG]
[08/11/2025 23:30:04] PentestCourseAdmin submitted b'flag{UnileverWiFi}' on 4 with kpm 1 [CORRECT]
[08/13/2025 13:43:31] Participant1 submitted b'flag{i_eat_icmp_packets_for_dinner}' on 5 with kpm 0 [CORRECT]
[08/13/2025 13:43:52] Participant1 submitted b'flag{CVE-2025-23048}' on 18 with kpm 0 [WRONG]
[08/13/2025 13:44:17] Participant1 submitted b'flag{CVE-2025-23048}' on 18 with kpm 1 [WRONG]
[08/13/2025 13:44:18] Participant1 submitted b'flag{CVE-2025-23048}' on 18 with kpm 2 [WRONG]
[08/13/2025 13:45:01] Participant1 submitted b'flag{CVE-2025-23048}' on 18 with kpm 2 [CORRECT]
[08/13/2025 13:45:25] Participant1 submitted b'Flag{do_you_think_it_would_be_this_easy!?!}' on 7 with kpm 0 [WRONG]
[08/13/2025 13:46:18] Participant1 submitted b'Flag{do_you_think_it_would_be_this_easy!?!}' on 7 with kpm 1 [CORRECT]
[08/13/2025 13:46:39] Participant1 submitted b'flag{QRcodes_scare_me_man}' on 15 with kpm 0 [CORRECT]
[08/13/2025 13:47:01] Participant1 submitted b'flag{N0t_mal1c1ous}' on 44 with kpm 0 [CORRECT]
[08/13/2025 13:47:28] Participant1 submitted b'flag{my_memory_sucks}' on 16 with kpm 0 [CORRECT]
[08/13/2025 13:47:49] Participant1 submitted b'FLAG{nist-this-nist-that}' on 17 with kpm 0 [CORRECT]
[08/13/2025 13:48:11] Participant1 submitted b'flag{pls_hire_me}' on 8 with kpm 0 [CORRECT]
[08/13/2025 13:48:34] Participant1 submitted b'Flag{damn_you_got_me_outside}' on 46 with kpm 0 [CORRECT]
[08/13/2025 13:49:02] Participant1 submitted b'flag{fMy_nam3_J3ff}' on 45 with kpm 0 [CORRECT]
[08/13/2025 22:47:53] PentestCourseAdmin submitted b'flag{pls_hire_me}' on 8 with kpm 0 [CORRECT]
[08/13/2025 22:48:50] Participant1 submitted b'flag{pls_hire_me}' on 8 with kpm 0 [CORRECT]
[08/13/2025 22:57:35] Participant1 submitted b'flag{bashrc_backdoor_leaked_flag}' on 25 with kpm 0 [CORRECT]
[08/13/2025 23:08:08] Participant1 submitted b'flag{pls_hire_me}' on 8 with kpm 0 [CORRECT]
[08/14/2025 00:14:38] test2 submitted b'flag{bashrc_backdoor_leaked_flag}' on 25 with kpm 0 [CORRECT]
